\BOOKMARK [1][-]{section*.1}{\376\377\000D\000e\000s\000c\000r\000i\000p\000c\000i\000\363\000n\000\040\000d\000e\000l\000\040\000t\000r\000a\000b\000a\000j\000o}{}% 1
\BOOKMARK [1][-]{section*.2}{\376\377\000D\000e\000s\000c\000r\000i\000p\000c\000i\000\363\000n\000\040\000d\000e\000l\000\040\000d\000a\000t\000a\000s\000e\000t}{}% 2
\BOOKMARK [1][-]{section*.3}{\376\377\000P\000r\000e\000p\000a\000r\000a\000c\000i\000\363\000n\000\040\000i\000n\000i\000c\000i\000a\000l\000\040\000d\000e\000l\000\040\000e\000n\000t\000o\000r\000n\000o}{}% 3
\BOOKMARK [2][-]{section*.4}{\376\377\000C\000a\000r\000g\000a\000\040\000d\000e\000\040\000l\000i\000b\000r\000e\000r\000\355\000a\000s}{section*.3}% 4
\BOOKMARK [2][-]{section*.5}{\376\377\000C\000a\000r\000g\000a\000\040\000d\000e\000\040\000d\000a\000t\000o\000s}{section*.3}% 5
\BOOKMARK [1][-]{section*.6}{\376\377\000A\000n\000\341\000l\000i\000s\000i\000s\000\040\000e\000x\000p\000l\000o\000r\000a\000t\000o\000r\000i\000o\000\040\000d\000e\000\040\000d\000a\000t\000o\000s}{}% 6
\BOOKMARK [2][-]{section*.7}{\376\377\000A\000n\000\341\000l\000i\000s\000i\000s\000\040\000v\000a\000r\000i\000a\000b\000l\000e\000\040\000a\000\040\000v\000a\000r\000i\000a\000b\000l\000e}{section*.6}% 7
\BOOKMARK [3][-]{section*.8}{\376\377\000V\000a\000r\000i\000a\000b\000l\000e\000\040\000`\000C\000l\000a\000s\000s\000'}{section*.7}% 8
\BOOKMARK [3][-]{section*.9}{\376\377\000V\000a\000r\000i\000a\000b\000l\000e\000\040\000`\000P\000r\000e\000g\000'}{section*.7}% 9
\BOOKMARK [3][-]{section*.10}{\376\377\000V\000a\000r\000i\000a\000b\000l\000e\000\040\000`\000P\000l\000a\000s\000'}{section*.7}% 10
\BOOKMARK [3][-]{section*.11}{\376\377\000V\000a\000r\000i\000a\000b\000l\000e\000\040\000`\000P\000r\000e\000s\000'}{section*.7}% 11
\BOOKMARK [3][-]{section*.12}{\376\377\000V\000a\000r\000i\000a\000b\000l\000e\000\040\000`\000S\000k\000i\000n\000'}{section*.7}% 12
\BOOKMARK [3][-]{section*.13}{\376\377\000V\000a\000r\000i\000a\000b\000l\000e\000\040\000`\000I\000n\000s\000u\000'}{section*.7}% 13
\BOOKMARK [3][-]{section*.14}{\376\377\000V\000a\000r\000i\000a\000b\000l\000e\000\040\000`\000M\000a\000s\000s\000'}{section*.7}% 14
\BOOKMARK [3][-]{section*.15}{\376\377\000V\000a\000r\000i\000a\000b\000l\000e\000\040\000`\000P\000e\000d\000i\000'}{section*.7}% 15
\BOOKMARK [3][-]{section*.16}{\376\377\000V\000a\000r\000i\000a\000b\000l\000e\000\040\000`\000A\000g\000e\000'}{section*.7}% 16
\BOOKMARK [2][-]{section*.17}{\376\377\000A\000n\000\341\000l\000i\000s\000i\000s\000\040\000b\000i\000v\000a\000r\000i\000a\000b\000l\000e}{section*.6}% 17
\BOOKMARK [3][-]{section*.18}{\376\377\000C\000o\000r\000r\000e\000l\000a\000c\000i\000\363\000n}{section*.17}% 18
\BOOKMARK [3][-]{section*.19}{\376\377\000S\000c\000a\000t\000t\000e\000r\000p\000l\000o\000t\000s}{section*.17}% 19
\BOOKMARK [3][-]{section*.20}{\376\377\000R\000e\000l\000a\000c\000i\000\363\000n\000\040\000c\000o\000n\000\040\000l\000a\000\040\000v\000a\000r\000i\000a\000b\000l\000e\000\040\000C\000l\000a\000s\000s}{section*.17}% 20
\BOOKMARK [1][-]{section*.21}{\376\377\000M\000o\000d\000e\000l\000o\000s\000\040\000d\000e\000\040\000c\000l\000a\000s\000i\000f\000i\000c\000a\000c\000i\000\363\000n}{}% 21
\BOOKMARK [2][-]{section*.22}{\376\377\000M\000e\000t\000o\000l\000o\000g\000\355\000a\000\040\000d\000e\000\040\000t\000r\000a\000b\000a\000j\000o}{section*.21}% 22
\BOOKMARK [2][-]{section*.23}{\376\377\000P\000r\000e\000p\000a\000r\000a\000c\000i\000\363\000n\000\040\000d\000e\000\040\000l\000o\000s\000\040\000d\000a\000t\000o\000s}{section*.21}% 23
\BOOKMARK [2][-]{section*.24}{\376\377\000K\000-\000N\000N\000\040\000\050\000K\000-\000N\000e\000a\000r\000e\000s\000t\000\040\000N\000e\000i\000g\000h\000b\000o\000r\000s\000\051}{section*.21}% 24
\BOOKMARK [3][-]{section*.25}{\376\377\0001\0000\000\040\000-\000\040\000f\000o\000l\000d\000\040\000c\000r\000o\000s\000s\000\040\000v\000a\000l\000i\000d\000a\000t\000i\000o\000n}{section*.24}% 25
\BOOKMARK [2][-]{section*.26}{\376\377\000D\000i\000s\000c\000r\000i\000m\000i\000n\000a\000n\000t\000\040\000A\000n\000a\000l\000y\000s\000i\000s}{section*.21}% 26
\BOOKMARK [3][-]{section*.27}{\376\377\000L\000D\000A}{section*.26}% 27
\BOOKMARK [3][-]{section*.28}{\376\377\000Q\000D\000A}{section*.26}% 28
\BOOKMARK [3][-]{section*.29}{\376\377\0001\0000\000\040\000-\000\040\000f\000o\000l\000d\000\040\000C\000r\000o\000s\000s\000\040\000V\000a\000l\000i\000d\000a\000t\000i\000o\000n}{section*.26}% 29
\BOOKMARK [1][-]{section*.30}{\376\377\000A\000n\000e\000x\000o\000\040\000:\000\040\000C\000\363\000d\000i\000g\000o\000\040\000d\000e\000\040\000l\000a\000\040\000p\000r\000\341\000c\000t\000i\000c\000a}{}% 30
